<?xml version="1.0" encoding="UTF-8"?>
<!-- Generated by org.testng.reporters.JUnitReportReporter -->
<testsuite hostname="LAPTOP-MQOO94BM" failures="0" tests="1" name="task24.LoginTest" time="9.185" errors="0" timestamp="2024-05-21T17:50:31 IST" skipped="0">
  <testcase classname="task24.LoginTest" name="loginexecute" time="9.185"/>
</testsuite> <!-- task24.LoginTest -->
