<?xml version="1.0" encoding="UTF-8"?>
<!-- Generated by org.testng.reporters.JUnitReportReporter -->
<testsuite hostname="LAPTOP-MQOO94BM" failures="0" tests="1" name="task24.SigninTest" time="18.817" errors="0" timestamp="2024-05-20T11:07:34 IST" skipped="0">
  <testcase classname="task24.SigninTest" name="executesignin" time="18.817"/>
</testsuite> <!-- task24.SigninTest -->
